2024-09-11 10:06:21 INFO  [pool-2-thread-1] org.example.service.Switch - Y{author='', status=1, urId=5, url='https://v.api.aa1.cn/api/api-wenan-anwei/index.php?type=json', msg='人在旅途，谁都难免会遇到一些不愉快的事，自己要学会调节，有时间去郊外爬山行走于田间吧！看看那广阔辽远的天空；感受一下山间的清晰亮丽。'}
2024-09-11 10:06:31 INFO  [pool-2-thread-1] org.example.service.Switch - Y{author='', status=1, urId=5, url='https://v.api.aa1.cn/api/api-wenan-anwei/index.php?type=json', msg='一些事，看开了，成败也就平常事。'}
2024-09-11 12:15:24 INFO  [pool-2-thread-1] org.example.service.Switch - Y{author='', status=1, urId=3, url='https://v.api.aa1.cn/api/yiyan/index.php', msg='我想带一人回云深不知处。带回去，藏起来。——魔道祖师'}
2024-09-11 12:19:11 INFO  [pool-2-thread-1] org.example.service.Switch - Y{author='《三体》', status=1, urId=2, url='https://api.xygeng.cn/one', msg='活着本身就很美妙，如果连这道理都不懂，怎么去探索更深的东西呢？'}
2024-09-11 12:40:53 INFO  [main] org.example.service.All - Y{author='', status=0, urId=15, url='https://api.songzixian.com/api/daily-word?dataSource=LOCAL_DAILY_WORD', msg=''}
2024-09-11 12:40:59 INFO  [main] org.example.service.All - Y{author='', status=0, urId=9, url='https://api.songzixian.com/api/daily-word?dataSource=LOCAL_DAILY_WORD', msg=''}
2024-09-11 12:40:59 INFO  [main] org.example.service.All - Y{author='', status=0, urId=1, url='https://v1.hitokoto.cn/', msg=''}
2024-09-11 12:40:59 INFO  [main] org.example.service.All - Y{author='', status=0, urId=6, url='https://zj.v.api.aa1.cn/api/wenan-wm/?type=json', msg=''}
2024-09-11 12:40:59 INFO  [main] org.example.service.All - Y{author='', status=0, urId=10, url='http://api.treason.cn/API/yiyan.php', msg=''}
2024-09-11 12:41:05 INFO  [main] org.example.service.All - Y{author='', status=0, urId=3, url='https://v.api.aa1.cn/api/yiyan/index.php', msg=''}
2024-09-11 12:41:11 INFO  [main] org.example.service.All - Y{author='', status=0, urId=0, url='https://tenapi.cn/v2/yiyan?format=json', msg=''}
2024-09-11 12:41:12 INFO  [pool-2-thread-1] org.example.service.Switch - Y{author='', status=0, urId=15, url='https://api.songzixian.com/api/daily-word?dataSource=LOCAL_DAILY_WORD', msg=''}
2024-09-11 12:41:17 INFO  [pool-2-thread-1] org.example.service.Switch - Y{author='', status=0, urId=1, url='https://v1.hitokoto.cn/', msg=''}
2024-09-11 14:34:44 INFO  [main] org.example.service.All - Y{author='', status=0, urId=15, url='https://api.songzixian.com/api/daily-word?dataSource=LOCAL_DAILY_WORD', msg=''}
2024-09-11 14:34:50 INFO  [main] org.example.service.All - Y{author='', status=0, urId=9, url='https://api.songzixian.com/api/daily-word?dataSource=LOCAL_DAILY_WORD', msg=''}
2024-09-11 14:34:50 INFO  [main] org.example.service.All - Y{author='', status=0, urId=1, url='https://v1.hitokoto.cn/', msg=''}
2024-09-11 14:34:50 INFO  [main] org.example.service.All - Y{author='', status=0, urId=6, url='https://zj.v.api.aa1.cn/api/wenan-wm/?type=json', msg=''}
2024-09-11 14:34:50 INFO  [main] org.example.service.All - Y{author='', status=0, urId=10, url='http://api.treason.cn/API/yiyan.php', msg=''}
2024-09-11 14:37:28 INFO  [main] org.example.service.All - Y{author='', status=0, urId=15, url='https://api.songzixian.com/api/daily-word?dataSource=LOCAL_DAILY_WORD', msg=''}
2024-09-11 14:37:28 INFO  [main] org.example.service.All - Y{author='', status=0, urId=5, url='https://v.api.aa1.cn/api/api-wenan-anwei/index.php?type=json', msg=''}
2024-09-11 14:37:28 INFO  [main] org.example.service.All - Y{author='', status=0, urId=9, url='https://api.songzixian.com/api/daily-word?dataSource=LOCAL_DAILY_WORD', msg=''}
2024-09-11 14:37:28 INFO  [main] org.example.service.All - Y{author='', status=0, urId=1, url='https://v1.hitokoto.cn/', msg=''}
2024-09-11 14:37:29 INFO  [main] org.example.service.All - Y{author='', status=0, urId=6, url='https://zj.v.api.aa1.cn/api/wenan-wm/?type=json', msg=''}
2024-09-11 14:37:29 INFO  [main] org.example.service.All - Y{author='', status=0, urId=10, url='http://api.treason.cn/API/yiyan.php', msg=''}
2024-09-11 14:37:45 INFO  [main] org.example.service.All - Y{author='', status=0, urId=0, url='https://tenapi.cn/v2/yiyan?format=json', msg=''}
2024-09-11 14:41:58 INFO  [main] org.example.service.All - Y{author='', status=0, urId=15, url='https://api.songzixian.com/api/daily-word?dataSource=LOCAL_DAILY_WORD', msg=''}
2024-09-11 14:42:03 INFO  [main] org.example.service.All - Y{author='', status=0, urId=9, url='https://api.songzixian.com/api/daily-word?dataSource=LOCAL_DAILY_WORD', msg=''}
2024-09-11 14:42:03 INFO  [main] org.example.service.All - Y{author='', status=0, urId=1, url='https://v1.hitokoto.cn/', msg=''}
2024-09-11 14:42:04 INFO  [main] org.example.service.All - Y{author='', status=0, urId=6, url='https://zj.v.api.aa1.cn/api/wenan-wm/?type=json', msg=''}
2024-09-11 14:42:04 INFO  [main] org.example.service.All - Y{author='', status=0, urId=10, url='http://api.treason.cn/API/yiyan.php', msg=''}
2024-09-11 14:42:19 INFO  [main] org.example.service.All - Y{author='', status=0, urId=0, url='https://tenapi.cn/v2/yiyan?format=json', msg=''}
2024-09-11 14:42:43 INFO  [main] org.example.service.All - Y{author='', status=0, urId=15, url='https://api.songzixian.com/api/daily-word?dataSource=LOCAL_DAILY_WORD', msg=''}
2024-09-11 14:42:49 INFO  [main] org.example.service.All - Y{author='', status=0, urId=9, url='https://api.songzixian.com/api/daily-word?dataSource=LOCAL_DAILY_WORD', msg=''}
2024-09-11 14:42:49 INFO  [main] org.example.service.All - Y{author='', status=0, urId=1, url='https://v1.hitokoto.cn/', msg=''}
2024-09-11 14:42:49 INFO  [main] org.example.service.All - Y{author='', status=0, urId=6, url='https://zj.v.api.aa1.cn/api/wenan-wm/?type=json', msg=''}
2024-09-11 14:42:49 INFO  [main] org.example.service.All - Y{author='', status=0, urId=10, url='http://api.treason.cn/API/yiyan.php', msg=''}
2024-09-11 14:43:04 INFO  [main] org.example.service.All - Y{author='', status=0, urId=0, url='https://tenapi.cn/v2/yiyan?format=json', msg=''}
2024-09-11 14:43:41 INFO  [main] org.example.service.All - Y{author='', status=0, urId=15, url='https://api.songzixian.com/api/daily-word?dataSource=LOCAL_DAILY_WORD', msg=''}
2024-09-11 14:43:46 INFO  [main] org.example.service.All - Y{author='', status=0, urId=9, url='https://api.songzixian.com/api/daily-word?dataSource=LOCAL_DAILY_WORD', msg=''}
2024-09-11 14:43:46 INFO  [main] org.example.service.All - Y{author='', status=0, urId=1, url='https://v1.hitokoto.cn/', msg=''}
2024-09-11 14:43:47 INFO  [main] org.example.service.All - Y{author='', status=0, urId=6, url='https://zj.v.api.aa1.cn/api/wenan-wm/?type=json', msg=''}
2024-09-11 14:43:47 INFO  [main] org.example.service.All - Y{author='', status=0, urId=10, url='http://api.treason.cn/API/yiyan.php', msg=''}
2024-09-11 14:44:02 INFO  [main] org.example.service.All - Y{author='', status=0, urId=0, url='https://tenapi.cn/v2/yiyan?format=json', msg=''}
2024-09-11 14:51:19 WARN  [main] o.s.c.a.AnnotationConfigApplicationContext - Exception encountered during context initialization - cancelling refresh attempt: org.springframework.beans.factory.UnsatisfiedDependencyException: Error creating bean with name 'eight_8': Unsatisfied dependency expressed through field 'outTime'; nested exception is org.springframework.beans.TypeMismatchException: Failed to convert value of type 'java.lang.String' to required type 'int'; nested exception is java.lang.NumberFormatException: For input string: "7000;"
2024-09-11 14:53:22 WARN  [main] o.s.c.a.AnnotationConfigApplicationContext - Exception encountered during context initialization - cancelling refresh attempt: org.springframework.beans.factory.UnsatisfiedDependencyException: Error creating bean with name 'eleven_11': Unsatisfied dependency expressed through field 'outTime'; nested exception is org.springframework.beans.TypeMismatchException: Failed to convert value of type 'java.lang.String' to required type 'int'; nested exception is java.lang.NumberFormatException: For input string: "${outTime}"
2024-09-11 14:54:15 INFO  [main] org.example.service.All - Y{author='', status=0, urId=15, url='https://api.songzixian.com/api/daily-word?dataSource=LOCAL_DAILY_WORD', msg=''}
2024-09-11 14:54:22 INFO  [main] org.example.service.All - Y{author='', status=0, urId=9, url='https://api.songzixian.com/api/daily-word?dataSource=LOCAL_DAILY_WORD', msg=''}
2024-09-11 14:54:22 INFO  [main] org.example.service.All - Y{author='', status=0, urId=1, url='https://v1.hitokoto.cn/', msg=''}
2024-09-11 14:54:22 INFO  [main] org.example.service.All - Y{author='', status=0, urId=6, url='https://zj.v.api.aa1.cn/api/wenan-wm/?type=json', msg=''}
2024-09-11 14:54:23 INFO  [main] org.example.service.All - Y{author='', status=0, urId=10, url='http://api.treason.cn/API/yiyan.php', msg=''}
2024-09-11 14:54:27 INFO  [main] org.example.service.All - Y{author='', status=0, urId=3, url='https://v.api.aa1.cn/api/yiyan/index.php', msg=''}
2024-09-11 14:54:28 INFO  [main] org.example.service.All - Y{author='', status=0, urId=12, url='https://v.api.aa1.cn/api/pyq/index.php?aa1=json', msg=''}
2024-09-11 14:54:30 INFO  [main] org.example.service.All - Y{author='', status=0, urId=0, url='https://tenapi.cn/v2/yiyan?format=json', msg=''}
2024-09-11 14:57:14 INFO  [main] org.example.service.All - Y{author='', status=0, urId=15, url='https://api.songzixian.com/api/daily-word?dataSource=LOCAL_DAILY_WORD', msg=''}
2024-09-11 14:57:20 INFO  [main] org.example.service.All - Y{author='', status=0, urId=9, url='https://api.songzixian.com/api/daily-word?dataSource=LOCAL_DAILY_WORD', msg=''}
2024-09-11 14:57:21 INFO  [main] org.example.service.All - Y{author='', status=0, urId=1, url='https://v1.hitokoto.cn/', msg=''}
2024-09-11 14:57:21 INFO  [main] org.example.service.All - Y{author='', status=0, urId=6, url='https://zj.v.api.aa1.cn/api/wenan-wm/?type=json', msg=''}
2024-09-11 14:57:22 INFO  [main] org.example.service.All - Y{author='', status=0, urId=10, url='http://api.treason.cn/API/yiyan.php', msg=''}
2024-09-11 14:57:38 INFO  [main] org.example.service.All - Y{author='', status=0, urId=0, url='https://tenapi.cn/v2/yiyan?format=json', msg=''}
2024-09-11 15:01:24 INFO  [main] org.example.service.All - Y{author='', status=0, urId=15, url='https://api.songzixian.com/api/daily-word?dataSource=LOCAL_DAILY_WORD', msg=''}
2024-09-11 15:01:25 INFO  [main] org.example.service.All - Y{author='', status=0, urId=5, url='https://v.api.aa1.cn/api/api-wenan-anwei/index.php?type=json', msg=''}
2024-09-11 15:01:26 INFO  [main] org.example.service.All - Y{author='', status=0, urId=9, url='https://api.songzixian.com/api/daily-word?dataSource=LOCAL_DAILY_WORD', msg=''}
2024-09-11 15:01:26 INFO  [main] org.example.service.All - Y{author='', status=0, urId=1, url='https://v1.hitokoto.cn/', msg=''}
2024-09-11 15:01:26 INFO  [main] org.example.service.All - Y{author='', status=0, urId=6, url='https://zj.v.api.aa1.cn/api/wenan-wm/?type=json', msg=''}
2024-09-11 15:01:27 INFO  [main] org.example.service.All - Y{author='', status=0, urId=10, url='http://api.treason.cn/API/yiyan.php', msg=''}
2024-09-11 15:01:37 INFO  [main] org.example.service.All - Y{author='', status=0, urId=12, url='https://v.api.aa1.cn/api/pyq/index.php?aa1=json', msg=''}
2024-09-11 15:01:40 INFO  [main] org.example.service.All - Y{author='', status=0, urId=0, url='https://tenapi.cn/v2/yiyan?format=json', msg=''}
2024-09-11 15:01:41 INFO  [pool-2-thread-1] org.example.service.Switch - Y{author='', status=0, urId=0, url='https://tenapi.cn/v2/yiyan?format=json', msg=''}
2024-09-11 15:02:16 INFO  [main] org.example.service.All - Y{author='', status=0, urId=15, url='https://api.songzixian.com/api/daily-word?dataSource=LOCAL_DAILY_WORD', msg=''}
2024-09-11 15:02:23 INFO  [main] org.example.service.All - Y{author='', status=0, urId=9, url='https://api.songzixian.com/api/daily-word?dataSource=LOCAL_DAILY_WORD', msg=''}
2024-09-11 15:02:23 INFO  [main] org.example.service.All - Y{author='', status=0, urId=1, url='https://v1.hitokoto.cn/', msg=''}
2024-09-11 15:02:23 INFO  [main] org.example.service.All - Y{author='', status=0, urId=6, url='https://zj.v.api.aa1.cn/api/wenan-wm/?type=json', msg=''}
2024-09-11 15:02:24 INFO  [main] org.example.service.All - Y{author='', status=0, urId=10, url='http://api.treason.cn/API/yiyan.php', msg=''}
2024-09-11 15:02:24 INFO  [main] org.example.service.All - Y{author='', status=0, urId=13, url='https://v.api.aa1.cn/api/api-wenan-qg/index.php?aa1=text', msg=''}
2024-09-11 15:02:55 INFO  [main] org.example.service.All - Y{author='', status=0, urId=0, url='https://tenapi.cn/v2/yiyan?format=json', msg=''}
2024-09-11 15:03:00 INFO  [main] org.example.service.All - Y{author='', status=0, urId=15, url='https://api.songzixian.com/api/daily-word?dataSource=LOCAL_DAILY_WORD', msg=''}
2024-09-11 15:03:06 INFO  [main] org.example.service.All - Y{author='', status=0, urId=9, url='https://api.songzixian.com/api/daily-word?dataSource=LOCAL_DAILY_WORD', msg=''}
2024-09-11 15:03:06 INFO  [main] org.example.service.All - Y{author='', status=0, urId=1, url='https://v1.hitokoto.cn/', msg=''}
2024-09-11 15:03:07 INFO  [main] org.example.service.All - Y{author='', status=0, urId=6, url='https://zj.v.api.aa1.cn/api/wenan-wm/?type=json', msg=''}
2024-09-11 15:03:07 INFO  [main] org.example.service.All - Y{author='', status=0, urId=10, url='http://api.treason.cn/API/yiyan.php', msg=''}
2024-09-11 15:03:07 INFO  [main] org.example.service.All - Y{author='', status=0, urId=13, url='https://v.api.aa1.cn/api/api-wenan-qg/index.php?aa1=text', msg=''}
2024-09-11 15:03:07 INFO  [main] org.example.service.All - Y{author='', status=0, urId=3, url='https://v.api.aa1.cn/api/yiyan/index.php', msg=''}
2024-09-11 15:07:16 INFO  [main] org.example.service.All - Y{author='', status=0, urId=0, url='https://tenapi.cn/v2/yiyan?format=json', msg=''}
2024-09-11 15:07:23 INFO  [main] org.example.service.All - Y{author='', status=0, urId=15, url='https://api.songzixian.com/api/daily-word?dataSource=LOCAL_DAILY_WORD', msg=''}
2024-09-11 15:07:23 INFO  [main] org.example.service.All - Y{author='', status=0, urId=5, url='https://v.api.aa1.cn/api/api-wenan-anwei/index.php?type=json', msg=''}
2024-09-11 15:07:25 INFO  [main] org.example.service.All - Y{author='', status=0, urId=9, url='https://api.songzixian.com/api/daily-word?dataSource=LOCAL_DAILY_WORD', msg=''}
2024-09-11 15:07:25 INFO  [main] org.example.service.All - Y{author='', status=0, urId=1, url='https://v1.hitokoto.cn/', msg=''}
2024-09-11 15:07:25 INFO  [main] org.example.service.All - Y{author='', status=0, urId=6, url='https://zj.v.api.aa1.cn/api/wenan-wm/?type=json', msg=''}
2024-09-11 15:07:25 INFO  [main] org.example.service.All - Y{author='', status=0, urId=10, url='http://api.treason.cn/API/yiyan.php', msg=''}
2024-09-11 15:07:41 INFO  [main] org.example.service.All - Y{author='', status=0, urId=0, url='https://tenapi.cn/v2/yiyan?format=json', msg=''}
2024-09-11 15:10:56 INFO  [main] org.example.service.All - Y{author='', status=0, urId=15, url='https://api.songzixian.com/api/daily-word?dataSource=LOCAL_DAILY_WORD', msg=''}
2024-09-11 15:10:57 INFO  [main] org.example.service.All - Y{author='', status=0, urId=5, url='https://v.api.aa1.cn/api/api-wenan-anwei/index.php?type=json', msg=''}
2024-09-11 15:10:58 INFO  [main] org.example.service.All - Y{author='', status=0, urId=9, url='https://api.songzixian.com/api/daily-word?dataSource=LOCAL_DAILY_WORD', msg=''}
2024-09-11 15:10:58 INFO  [main] org.example.service.All - Y{author='', status=0, urId=1, url='https://v1.hitokoto.cn/', msg=''}
2024-09-11 15:10:59 INFO  [main] org.example.service.All - Y{author='', status=0, urId=6, url='https://zj.v.api.aa1.cn/api/wenan-wm/?type=json', msg=''}
2024-09-11 15:10:59 INFO  [main] org.example.service.All - Y{author='', status=0, urId=10, url='http://api.treason.cn/API/yiyan.php', msg=''}
2024-09-11 15:12:13 INFO  [main] org.example.service.All - Y{author='', status=0, urId=15, url='https://api.songzixian.com/api/daily-word?dataSource=LOCAL_DAILY_WORD', msg=''}
2024-09-11 15:12:20 INFO  [main] org.example.service.All - Y{author='', status=0, urId=9, url='https://api.songzixian.com/api/daily-word?dataSource=LOCAL_DAILY_WORD', msg=''}
2024-09-11 15:12:20 INFO  [main] org.example.service.All - Y{author='', status=0, urId=6, url='https://zj.v.api.aa1.cn/api/wenan-wm/?type=json', msg=''}
2024-09-11 15:12:21 INFO  [main] org.example.service.All - Y{author='', status=0, urId=10, url='http://api.treason.cn/API/yiyan.php', msg=''}
2024-09-11 15:12:39 INFO  [pool-2-thread-1] org.example.service.Switch - Y{author='', status=0, urId=0, url='https://tenapi.cn/v2/yiyan?format=json', msg=''}
2024-09-11 15:13:08 INFO  [main] org.example.service.All - Y{author='', status=0, urId=15, url='https://api.songzixian.com/api/daily-word?dataSource=LOCAL_DAILY_WORD', msg=''}
2024-09-11 15:13:08 INFO  [main] org.example.service.All - Y{author='', status=0, urId=5, url='https://v.api.aa1.cn/api/api-wenan-anwei/index.php?type=json', msg=''}
2024-09-11 15:13:09 INFO  [main] org.example.service.All - Y{author='', status=0, urId=9, url='https://api.songzixian.com/api/daily-word?dataSource=LOCAL_DAILY_WORD', msg=''}
2024-09-11 15:13:10 INFO  [main] org.example.service.All - Y{author='', status=0, urId=6, url='https://zj.v.api.aa1.cn/api/wenan-wm/?type=json', msg=''}
2024-09-11 15:13:10 INFO  [main] org.example.service.All - Y{author='', status=0, urId=10, url='http://api.treason.cn/API/yiyan.php', msg=''}
2024-09-11 15:13:27 INFO  [pool-2-thread-1] org.example.service.Switch - Y{author='', status=0, urId=6, url='https://zj.v.api.aa1.cn/api/wenan-wm/?type=json', msg=''}
2024-09-11 15:14:07 INFO  [main] org.example.service.All - Y{author='', status=0, urId=15, url='https://api.songzixian.com/api/daily-word?dataSource=LOCAL_DAILY_WORD', msg=''}
2024-09-11 15:14:13 INFO  [main] org.example.service.All - Y{author='', status=0, urId=9, url='https://api.songzixian.com/api/daily-word?dataSource=LOCAL_DAILY_WORD', msg=''}
2024-09-11 15:14:14 INFO  [main] org.example.service.All - Y{author='', status=0, urId=10, url='http://api.treason.cn/API/yiyan.php', msg=''}
2024-09-11 15:15:53 INFO  [main] org.example.service.All - Y{author='', status=0, urId=15, url='https://api.songzixian.com/api/daily-word?dataSource=LOCAL_DAILY_WORD', msg=''}
2024-09-11 15:16:00 INFO  [main] org.example.service.All - Y{author='', status=0, urId=9, url='https://api.songzixian.com/api/daily-word?dataSource=LOCAL_DAILY_WORD', msg=''}
2024-09-11 15:19:27 INFO  [main] org.example.service.All - Y{author='', status=0, urId=10, url='http://api.treason.cn/API/yiyan.php', msg=''}
2024-09-11 15:22:02 INFO  [main] org.example.service.All - Y{author='', status=0, urId=8, url='https://api.mu-jie.cc/stray-birds/range?type=json', msg=''}
2024-09-11 15:22:03 INFO  [main] org.example.service.All - Y{author='', status=0, urId=15, url='https://api.songzixian.com/api/daily-word?dataSource=LOCAL_DAILY_WORD', msg=''}
2024-09-11 15:22:09 INFO  [main] org.example.service.All - Y{author='', status=0, urId=9, url='https://api.songzixian.com/api/daily-word?dataSource=LOCAL_DAILY_WORD', msg=''}
2024-09-11 15:22:10 INFO  [main] org.example.service.All - Y{author='', status=0, urId=1, url='https://v1.hitokoto.cn/', msg=''}
2024-09-11 15:22:11 INFO  [main] org.example.service.All - Y{author='', status=0, urId=10, url='http://api.treason.cn/API/yiyan.php', msg=''}
2024-09-11 15:22:27 INFO  [pool-2-thread-1] org.example.service.Switch - Y{author='', status=0, urId=10, url='http://api.treason.cn/API/yiyan.php', msg=''}
2024-09-11 15:30:43 WARN  [main] o.s.c.a.AnnotationConfigApplicationContext - Exception encountered during context initialization - cancelling refresh attempt: org.springframework.beans.factory.BeanCreationException: Error creating bean with name 'all': Invocation of init method failed; nested exception is java.lang.IllegalArgumentException: Expected URL scheme 'http' or 'https' but no colon was found
2024-09-11 15:32:03 INFO  [main] org.example.service.All - Y{author='', status=0, urId=8, url='https://api.mu-jie.cc/stray-birds/range?type=json', msg=''}
2024-09-11 15:32:03 INFO  [main] org.example.service.All - Y{author='', status=0, urId=15, url='https://api.songzixian.com/api/daily-word?dataSource=LOCAL_DAILY_WORD', msg=''}
2024-09-11 15:32:09 INFO  [main] org.example.service.All - Y{author='', status=0, urId=9, url='https://api.songzixian.com/api/daily-word?dataSource=LOCAL_DAILY_WORD', msg=''}
2024-09-11 15:32:09 INFO  [main] org.example.service.All - Y{author='', status=0, urId=1, url='https://v1.hitokoto.cn/', msg=''}
2024-09-11 15:32:10 INFO  [main] org.example.service.All - Y{author='', status=0, urId=10, url='http://api.treason.cn/API/yiyan.php', msg=''}
2024-09-11 15:32:20 INFO  [main] org.example.service.All - Y{author='', status=0, urId=12, url='https://v.api.aa1.cn/api/pyq/index.php?aa1=json', msg=''}
2024-09-11 15:36:05 INFO  [main] org.example.service.All - Y{author='', status=0, urId=8, url='https://api.mu-jie.cc/stray-birds/range?type=json', msg=''}
2024-09-11 15:36:05 INFO  [main] org.example.service.All - Y{author='', status=0, urId=15, url='https://api.songzixian.com/api/daily-word?dataSource=LOCAL_DAILY_WORD', msg=''}
2024-09-11 15:41:45 INFO  [main] org.example.service.All - Y{author='', status=0, urId=15, url='https://api.songzixian.com/api/daily-word?dataSource=LOCAL_DAILY_WORD', msg=''}
2024-09-11 15:41:53 INFO  [main] org.example.service.All - Y{author='', status=0, urId=9, url='https://api.songzixian.com/api/daily-word?dataSource=LOCAL_DAILY_WORD', msg=''}
2024-09-11 15:41:53 INFO  [main] org.example.service.All - Y{author='', status=0, urId=10, url='http://api.treason.cn/API/yiyan.php', msg=''}
2024-09-11 15:42:06 INFO  [main] org.example.service.All - Y{author='', status=0, urId=12, url='https://v.api.aa1.cn/api/pyq/index.php?aa1=json', msg=''}
2024-09-11 15:42:13 INFO  [pool-2-thread-1] org.example.service.Switch - Y{author='', status=0, urId=10, url='http://api.treason.cn/API/yiyan.php', msg=''}
2024-09-11 15:43:41 INFO  [main] org.example.service.All - Y{author='', status=0, urId=15, url='https://api.songzixian.com/api/daily-word?dataSource=LOCAL_DAILY_WORD', msg=''}
2024-09-11 15:43:47 INFO  [main] org.example.service.All - Y{author='', status=0, urId=9, url='https://api.songzixian.com/api/daily-word?dataSource=LOCAL_DAILY_WORD', msg=''}
2024-09-11 15:43:48 INFO  [main] org.example.service.All - Y{author='', status=0, urId=10, url='http://api.treason.cn/API/yiyan.php', msg=''}
2024-09-11 15:44:00 INFO  [main] org.example.service.All - Y{author='', status=0, urId=12, url='https://v.api.aa1.cn/api/pyq/index.php?aa1=json', msg=''}
2024-09-11 15:46:35 INFO  [main] org.example.service.All - Y{author='', status=0, urId=15, url='https://api.songzixian.com/api/daily-word?dataSource=LOCAL_DAILY_WORD', msg=''}
2024-09-11 15:46:40 INFO  [main] org.example.service.All - Y{author='', status=0, urId=4, url='https://api.oddfar.com/yl/q.php', msg=''}
2024-09-11 15:46:41 INFO  [main] org.example.service.All - Y{author='', status=0, urId=9, url='https://api.songzixian.com/api/daily-word?dataSource=LOCAL_DAILY_WORD', msg=''}
2024-09-11 15:46:41 INFO  [main] org.example.service.All - Y{author='', status=0, urId=10, url='http://api.treason.cn/API/yiyan.php', msg=''}
2024-09-11 15:46:42 INFO  [main] org.example.service.All - Y{author='', status=0, urId=13, url='https://v.api.aa1.cn/api/api-wenan-qg/index.php?aa1=text', msg=''}
2024-09-11 15:46:42 INFO  [main] org.example.service.All - Y{author='', status=0, urId=3, url='https://v.api.aa1.cn/api/yiyan/index.php', msg=''}
2024-09-11 15:46:42 INFO  [main] org.example.service.All - Y{author='', status=0, urId=12, url='https://v.api.aa1.cn/api/pyq/index.php?aa1=json', msg=''}
2024-09-11 16:02:50 INFO  [main] org.example.service.All - Y{author='', status=0, urId=15, url='https://api.songzixian.com/api/daily-word?dataSource=LOCAL_DAILY_WORD', msg=''}
2024-09-11 16:02:50 INFO  [main] org.example.service.All - Y{author='', status=0, urId=5, url='https://v.api.aa1.cn/api/api-wenan-anwei/index.php?type=json', msg=''}
2024-09-11 16:02:51 INFO  [main] org.example.service.All - Y{author='', status=0, urId=14, url='http://api.nnxv.cn/api/yiyan.php', msg=''}
2024-09-11 16:02:51 INFO  [main] org.example.service.All - Y{author='', status=0, urId=9, url='https://api.songzixian.com/api/daily-word?dataSource=LOCAL_DAILY_WORD', msg=''}
2024-09-11 16:03:00 INFO  [main] org.example.service.All - Y{author='', status=0, urId=3, url='https://v.api.aa1.cn/api/yiyan/index.php', msg=''}
2024-09-11 16:03:06 WARN  [main] o.s.c.a.AnnotationConfigApplicationContext - Exception encountered during context initialization - cancelling refresh attempt: org.springframework.beans.factory.BeanCreationException: Error creating bean with name 'all': Invocation of init method failed; nested exception is org.json.JSONException: JSONObject["data"] not found.
2024-09-11 16:06:00 INFO  [main] org.example.service.All - Y{author='', status=0, urId=14, url='http://api.nnxv.cn/api/yiyan.php', msg=''}
2024-09-11 16:06:07 WARN  [main] o.s.c.a.AnnotationConfigApplicationContext - Exception encountered during context initialization - cancelling refresh attempt: org.springframework.beans.factory.BeanCreationException: Error creating bean with name 'all': Invocation of init method failed; nested exception is org.json.JSONException: JSONObject["data"] not found.
2024-09-11 16:08:11 INFO  [main] org.example.service.All - Y{author='', status=0, urId=14, url='http://api.nnxv.cn/api/yiyan.php', msg=''}
2024-09-11 16:08:17 WARN  [main] o.s.c.a.AnnotationConfigApplicationContext - Exception encountered during context initialization - cancelling refresh attempt: org.springframework.beans.factory.BeanCreationException: Error creating bean with name 'all': Invocation of init method failed; nested exception is org.json.JSONException: JSONObject["data"] not found.
2024-09-11 16:10:02 INFO  [main] org.example.service.All - Y{author='', status=0, urId=14, url='http://api.nnxv.cn/api/yiyan.php', msg=''}
2024-09-11 16:10:08 INFO  [main] org.example.service.All - Y{author='', status=0, urId=12, url='https://v.api.aa1.cn/api/pyq/index.php?aa1=json', msg=''}
2024-09-11 16:10:31 INFO  [main] org.example.service.All - Y{author='', status=0, urId=14, url='http://api.nnxv.cn/api/yiyan.php', msg=''}
2024-09-11 16:10:38 INFO  [main] org.example.service.All - Y{author='', status=0, urId=12, url='https://v.api.aa1.cn/api/pyq/index.php?aa1=json', msg=''}
2024-09-11 16:12:58 INFO  [main] org.example.service.All - Y{author='', status=0, urId=14, url='http://api.nnxv.cn/api/yiyan.php', msg=''}
2024-09-11 16:13:07 INFO  [main] org.example.service.All - Y{author='', status=0, urId=12, url='https://v.api.aa1.cn/api/pyq/index.php?aa1=json', msg=''}
2024-09-11 16:14:13 INFO  [main] org.example.service.All - Y{author='', status=0, urId=14, url='http://api.nnxv.cn/api/yiyan.php', msg=''}
2024-09-11 16:14:21 INFO  [main] org.example.service.All - Y{author='', status=0, urId=12, url='https://v.api.aa1.cn/api/pyq/index.php?aa1=json', msg=''}
2024-09-11 16:23:05 WARN  [main] o.s.c.a.AnnotationConfigApplicationContext - Exception encountered during context initialization - cancelling refresh attempt: org.springframework.beans.factory.BeanCreationException: Error creating bean with name 'all': Invocation of init method failed; nested exception is java.util.ConcurrentModificationException
2024-09-11 16:23:33 WARN  [main] o.s.c.a.AnnotationConfigApplicationContext - Exception encountered during context initialization - cancelling refresh attempt: org.springframework.beans.factory.BeanCreationException: Error creating bean with name 'all': Invocation of init method failed; nested exception is java.util.ConcurrentModificationException
2024-09-11 16:29:19 WARN  [main] o.s.c.a.AnnotationConfigApplicationContext - Exception encountered during context initialization - cancelling refresh attempt: org.springframework.beans.factory.BeanCreationException: Error creating bean with name 'all': Invocation of init method failed; nested exception is java.util.ConcurrentModificationException
2024-09-11 16:32:37 WARN  [main] o.s.c.a.AnnotationConfigApplicationContext - Exception encountered during context initialization - cancelling refresh attempt: org.springframework.beans.factory.BeanCreationException: Error creating bean with name 'all': Invocation of init method failed; nested exception is java.util.ConcurrentModificationException
2024-09-11 16:33:04 WARN  [main] o.s.c.a.AnnotationConfigApplicationContext - Exception encountered during context initialization - cancelling refresh attempt: org.springframework.beans.factory.BeanCreationException: Error creating bean with name 'all': Invocation of init method failed; nested exception is java.util.ConcurrentModificationException
2024-09-11 16:33:24 WARN  [main] o.s.c.a.AnnotationConfigApplicationContext - Exception encountered during context initialization - cancelling refresh attempt: org.springframework.beans.factory.BeanCreationException: Error creating bean with name 'all': Invocation of init method failed; nested exception is java.util.ConcurrentModificationException
2024-09-11 16:34:11 WARN  [main] o.s.c.a.AnnotationConfigApplicationContext - Exception encountered during context initialization - cancelling refresh attempt: org.springframework.beans.factory.BeanCreationException: Error creating bean with name 'all': Invocation of init method failed; nested exception is java.util.ConcurrentModificationException
2024-09-11 16:34:47 WARN  [main] o.s.c.a.AnnotationConfigApplicationContext - Exception encountered during context initialization - cancelling refresh attempt: org.springframework.beans.factory.BeanCreationException: Error creating bean with name 'all': Invocation of init method failed; nested exception is java.util.ConcurrentModificationException
2024-09-11 16:35:06 INFO  [main] org.example.service.All - Y{author='', status=0, urId=12, url='https://v.api.aa1.cn/api/pyq/index.php?aa1=json', msg=''}
2024-09-11 16:35:06 INFO  [main] org.example.service.All - Y{author='', status=0, urId=14, url='http://api.nnxv.cn/api/yiyan.php', msg=''}
2024-09-11 16:38:18 INFO  [main] org.example.service.All - Y{author='', status=0, urId=12, url='https://v.api.aa1.cn/api/pyq/index.php?aa1=json', msg=''}
2024-09-11 16:38:34 INFO  [main] org.example.service.All - Y{author='', status=0, urId=14, url='http://api.nnxv.cn/api/yiyan.php', msg=''}
2024-09-11 16:42:34 INFO  [main] org.example.service.All - Y{author='', status=0, urId=12, url='https://v.api.aa1.cn/api/pyq/index.php?aa1=json', msg=''}
2024-09-11 16:42:35 INFO  [main] org.example.service.All - Y{author='', status=0, urId=14, url='http://api.nnxv.cn/api/yiyan.php', msg=''}
2024-09-11 16:43:30 INFO  [main] org.example.service.All - Y{author='', status=0, urId=12, url='https://v.api.aa1.cn/api/pyq/index.php?aa1=json', msg=''}
2024-09-11 16:48:03 INFO  [main] org.example.service.All - Y{author='', status=0, urId=14, url='http://api.nnxv.cn/api/yiyan.php', msg=''}
2024-09-11 16:48:14 INFO  [main] org.example.service.All - Y{author='', status=0, urId=0, url='https://tenapi.cn/v2/yiyan?format=json', msg=''}
2024-09-11 16:48:14 INFO  [main] org.example.service.All - Y{author='', status=0, urId=1, url='https://v1.hitokoto.cn/', msg=''}
2024-09-11 16:48:15 INFO  [main] org.example.service.All - Y{author='', status=0, urId=6, url='http://zj.v.api.aa1.cn/api/wenan-wm/?type=json', msg=''}
2024-09-11 16:48:15 INFO  [main] org.example.service.All - Y{author='', status=0, urId=7, url='http://www.wudada.online/Api/MrYy', msg=''}
2024-09-11 16:48:15 INFO  [main] org.example.service.All - Y{author='', status=0, urId=8, url='https://api.mu-jie.cc/stray-birds/range?type=json', msg=''}
2024-09-11 16:48:15 INFO  [main] org.example.service.All - Y{author='', status=0, urId=10, url='http://api.treason.cn/API/yiyan.php', msg=''}
2024-09-11 16:48:21 INFO  [main] org.example.service.All - Y{author='', status=0, urId=12, url='https://v.api.aa1.cn/api/pyq/index.php?aa1=json', msg=''}
2024-09-11 16:48:21 INFO  [main] org.example.service.All - Y{author='', status=0, urId=14, url='http://api.nnxv.cn/api/yiyan.php', msg=''}
2024-09-11 16:48:22 INFO  [pool-2-thread-1] org.example.service.Switch - Y{author='', status=0, urId=4, url='https://api.oddfar.com/yl/q.php', msg=''}
2024-09-11 16:48:27 INFO  [pool-2-thread-1] org.example.service.Switch - Y{author='', status=0, urId=10, url='http://api.treason.cn/API/yiyan.php', msg=''}
2024-09-11 16:48:33 INFO  [pool-2-thread-1] org.example.service.Switch - Y{author='', status=0, urId=0, url='https://tenapi.cn/v2/yiyan?format=json', msg=''}
2024-09-11 16:48:45 INFO  [main] org.example.service.All - Y{author='', status=0, urId=0, url='https://tenapi.cn/v2/yiyan?format=json', msg=''}
2024-09-11 16:48:45 INFO  [main] org.example.service.All - Y{author='', status=0, urId=1, url='https://v1.hitokoto.cn/', msg=''}
2024-09-11 16:48:45 INFO  [main] org.example.service.All - Y{author='', status=0, urId=2, url='https://api.xygeng.cn/one', msg=''}
2024-09-11 16:48:45 INFO  [main] org.example.service.All - Y{author='', status=0, urId=4, url='https://api.oddfar.com/yl/q.php', msg=''}
2024-09-11 16:48:45 INFO  [main] org.example.service.All - Y{author='', status=0, urId=6, url='http://zj.v.api.aa1.cn/api/wenan-wm/?type=json', msg=''}
2024-09-11 16:48:45 INFO  [main] org.example.service.All - Y{author='', status=0, urId=7, url='http://www.wudada.online/Api/MrYy', msg=''}
2024-09-11 16:48:46 INFO  [main] org.example.service.All - Y{author='', status=0, urId=8, url='https://api.mu-jie.cc/stray-birds/range?type=json', msg=''}
2024-09-11 16:48:46 INFO  [main] org.example.service.All - Y{author='', status=0, urId=10, url='http://api.treason.cn/API/yiyan.php', msg=''}
2024-09-11 16:48:46 INFO  [main] org.example.service.All - Y{author='', status=0, urId=11, url='https://cn.apihz.cn/api/yiyan/api.php?id=88888888&key=88888888', msg=''}
2024-09-11 16:48:46 INFO  [main] org.example.service.All - Y{author='', status=0, urId=12, url='https://v.api.aa1.cn/api/pyq/index.php?aa1=json', msg=''}
2024-09-11 16:48:46 INFO  [main] org.example.service.All - Y{author='', status=0, urId=14, url='http://api.nnxv.cn/api/yiyan.php', msg=''}
2024-09-11 16:48:47 INFO  [pool-2-thread-1] org.example.service.Switch - Y{author='', status=0, urId=4, url='https://api.oddfar.com/yl/q.php', msg=''}
2024-09-11 16:49:13 INFO  [main] org.example.service.All - Y{author='', status=0, urId=12, url='https://v.api.aa1.cn/api/pyq/index.php?aa1=json', msg=''}
2024-09-11 16:49:14 INFO  [main] org.example.service.All - Y{author='', status=0, urId=14, url='http://api.nnxv.cn/api/yiyan.php', msg=''}
2024-09-11 16:52:10 INFO  [main] org.example.service.All - Y{author='', status=0, urId=12, url='https://v.api.aa1.cn/api/pyq/index.php?aa1=json', msg=''}
2024-09-11 16:52:11 INFO  [main] org.example.service.All - Y{author='', status=0, urId=14, url='http://api.nnxv.cn/api/yiyan.php', msg=''}
2024-09-11 16:56:47 INFO  [main] org.example.service.All - Y{author='', status=0, urId=12, url='https://v.api.aa1.cn/api/pyq/index.php?aa1=json', msg=''}
2024-09-11 16:56:48 INFO  [main] org.example.service.All - Y{author='', status=0, urId=14, url='http://api.nnxv.cn/api/yiyan.php', msg=''}
2024-09-11 16:56:49 INFO  [pool-2-thread-1] org.example.service.Switch - Y{author='', status=0, urId=14, url='http://api.nnxv.cn/api/yiyan.php', msg=''}
2024-09-11 17:04:23 INFO  [main] org.example.service.All - Y{author='', status=0, urId=12, url='https://v.api.aa1.cn/api/pyq/index.php?aa1=json', msg=''}
2024-09-11 17:04:24 INFO  [main] org.example.service.All - Y{author='', status=0, urId=14, url='http://api.nnxv.cn/api/yiyan.php', msg=''}
2024-09-11 17:06:59 INFO  [main] org.example.service.All - Y{author='', status=0, urId=12, url='https://v.api.aa1.cn/api/pyq/index.php?aa1=json', msg=''}
2024-09-11 17:06:59 INFO  [main] org.example.service.All - Y{author='', status=0, urId=14, url='http://api.nnxv.cn/api/yiyan.php', msg=''}
2024-09-11 17:07:00 INFO  [pool-2-thread-1] org.example.service.Switch - Y{author='', status=0, urId=14, url='http://api.nnxv.cn/api/yiyan.php', msg=''}
2024-09-11 17:07:26 WARN  [main] o.s.c.a.AnnotationConfigApplicationContext - Exception encountered during context initialization - cancelling refresh attempt: org.springframework.beans.factory.BeanCreationException: Error creating bean with name 'all': Invocation of init method failed; nested exception is java.lang.IllegalArgumentException: Unexpected char 0x0a at 0 in Connection value: 
keep-alive
2024-09-11 17:07:45 INFO  [main] org.example.service.All - Y{author='', status=0, urId=12, url='https://v.api.aa1.cn/api/pyq/index.php?aa1=json', msg=''}
2024-09-11 17:07:46 INFO  [main] org.example.service.All - Y{author='', status=0, urId=14, url='http://api.nnxv.cn/api/yiyan.php', msg=''}
2024-09-11 17:08:29 INFO  [main] org.example.service.All - Y{author='', status=0, urId=12, url='https://v.api.aa1.cn/api/pyq/index.php?aa1=json', msg=''}
2024-09-11 17:08:29 INFO  [main] org.example.service.All - Y{author='', status=0, urId=14, url='http://api.nnxv.cn/api/yiyan.php', msg=''}
2024-09-11 17:14:53 INFO  [main] org.example.service.All - Y{author='', status=0, urId=12, url='https://v.api.aa1.cn/api/pyq/index.php?aa1=json', msg=''}
2024-09-11 17:14:53 INFO  [main] org.example.service.All - Y{author='', status=0, urId=14, url='http://api.nnxv.cn/api/yiyan.php', msg=''}
2024-09-11 17:15:34 INFO  [main] org.example.service.All - Y{author='', status=0, urId=12, url='https://v.api.aa1.cn/api/pyq/index.php?aa1=json', msg=''}
2024-09-11 17:15:34 INFO  [main] org.example.service.All - Y{author='', status=0, urId=14, url='http://api.nnxv.cn/api/yiyan.php', msg=''}
2024-09-11 17:22:41 INFO  [main] org.example.service.All - Y{author='', status=0, urId=12, url='https://v.api.aa1.cn/api/pyq/index.php?aa1=json', msg=''}
2024-09-11 17:22:42 INFO  [main] org.example.service.All - Y{author='', status=0, urId=14, url='http://api.nnxv.cn/api/yiyan.php', msg=''}
2024-09-11 17:22:47 INFO  [pool-2-thread-1] org.example.service.Switch - Y{author='', status=0, urId=12, url='https://v.api.aa1.cn/api/pyq/index.php?aa1=json', msg=''}
2024-09-11 17:22:53 INFO  [pool-2-thread-1] org.example.service.Switch - Y{author='', status=0, urId=14, url='http://api.nnxv.cn/api/yiyan.php', msg=''}
2024-09-11 17:23:54 INFO  [main] org.example.service.All - Y{author='', status=0, urId=12, url='https://v.api.aa1.cn/api/pyq/index.php?aa1=json', msg=''}
2024-09-11 17:23:55 INFO  [main] org.example.service.All - Y{author='', status=0, urId=14, url='http://api.nnxv.cn/api/yiyan.php', msg=''}
2024-09-11 17:24:34 INFO  [main] org.example.service.All - Y{author='', status=0, urId=12, url='https://v.api.aa1.cn/api/pyq/index.php?aa1=json', msg=''}
2024-09-11 17:24:35 INFO  [main] org.example.service.All - Y{author='', status=0, urId=14, url='http://api.nnxv.cn/api/yiyan.php', msg=''}
2024-09-11 18:36:37 INFO  [main] org.example.service.All - Y{author='', status=0, urId=12, url='https://v.api.aa1.cn/api/pyq/index.php?aa1=json', msg=''}
2024-09-11 18:36:38 INFO  [main] org.example.service.All - Y{author='', status=0, urId=14, url='http://api.nnxv.cn/api/yiyan.php', msg=''}
2024-09-11 18:43:04 INFO  [main] org.example.service.All - Y{author='', status=0, urId=12, url='https://v.api.aa1.cn/api/pyq/index.php?aa1=json', msg=''}
2024-09-11 18:43:04 INFO  [main] org.example.service.All - Y{author='', status=0, urId=14, url='http://api.nnxv.cn/api/yiyan.php', msg=''}
2024-09-11 18:44:14 INFO  [main] org.example.service.All - Y{author='', status=0, urId=12, url='https://v.api.aa1.cn/api/pyq/index.php?aa1=json', msg=''}
2024-09-11 18:44:15 INFO  [main] org.example.service.All - Y{author='', status=0, urId=14, url='http://api.nnxv.cn/api/yiyan.php', msg=''}
2024-09-11 18:45:23 INFO  [main] org.example.service.All - Y{author='', status=0, urId=12, url='https://v.api.aa1.cn/api/pyq/index.php?aa1=json', msg=''}
2024-09-11 18:45:24 INFO  [main] org.example.service.All - Y{author='', status=0, urId=14, url='http://api.nnxv.cn/api/yiyan.php', msg=''}
2024-09-11 18:50:35 INFO  [pool-2-thread-1] org.example.service.Switch - Y{author='', status=0, urId=12, url='https://v.api.aa1.cn/api/pyq/index.php?aa1=json', msg=''}
2024-09-11 18:52:20 INFO  [main] org.example.service.All - Y{author='', status=0, urId=12, url='https://v.api.aa1.cn/api/pyq/index.php?aa1=json', msg=''}
2024-09-11 18:52:21 INFO  [main] org.example.service.All - Y{author='', status=0, urId=14, url='http://api.nnxv.cn/api/yiyan.php', msg=''}
2024-09-11 18:52:52 INFO  [main] org.example.service.All - Y{author='', status=0, urId=12, url='https://v.api.aa1.cn/api/pyq/index.php?aa1=json', msg=''}
2024-09-11 18:52:52 INFO  [main] org.example.service.All - Y{author='', status=0, urId=14, url='http://api.nnxv.cn/api/yiyan.php', msg=''}
2024-09-11 22:50:00 INFO  [main] org.example.service.All - Y{author='', status=0, urId=12, url='https://v.api.aa1.cn/api/pyq/index.php?aa1=json', msg=''}
2024-09-11 22:50:01 INFO  [main] org.example.service.All - Y{author='', status=0, urId=14, url='http://api.nnxv.cn/api/yiyan.php', msg=''}
2024-09-11 22:52:58 INFO  [main] org.example.service.All - Y{author='', status=0, urId=12, url='https://v.api.aa1.cn/api/pyq/index.php?aa1=json', msg=''}
2024-09-11 22:52:59 INFO  [main] org.example.service.All - Y{author='', status=0, urId=14, url='http://api.nnxv.cn/api/yiyan.php', msg=''}
2024-09-11 22:53:15 INFO  [main] org.example.service.All - Y{author='', status=0, urId=12, url='https://v.api.aa1.cn/api/pyq/index.php?aa1=json', msg=''}
2024-09-11 22:53:15 INFO  [main] org.example.service.All - Y{author='', status=0, urId=14, url='http://api.nnxv.cn/api/yiyan.php', msg=''}
2024-09-11 22:53:46 INFO  [pool-2-thread-1] org.example.service.Switch - Y{author='', status=0, urId=14, url='http://api.nnxv.cn/api/yiyan.php', msg=''}
2024-09-11 22:54:16 INFO  [pool-2-thread-1] org.example.service.Switch - Y{author='', status=0, urId=14, url='http://api.nnxv.cn/api/yiyan.php', msg=''}
2024-09-11 22:54:47 INFO  [main] org.example.service.All - Y{author='', status=0, urId=12, url='https://v.api.aa1.cn/api/pyq/index.php?aa1=json', msg=''}
2024-09-11 22:54:48 INFO  [main] org.example.service.All - Y{author='', status=0, urId=14, url='http://api.nnxv.cn/api/yiyan.php', msg=''}
2024-09-11 22:54:49 INFO  [pool-2-thread-1] org.example.service.Switch - Y{author='', status=0, urId=14, url='http://api.nnxv.cn/api/yiyan.php', msg=''}
2024-09-11 22:54:55 INFO  [pool-2-thread-1] org.example.service.Switch - Y{author='', status=0, urId=14, url='http://api.nnxv.cn/api/yiyan.php', msg=''}
2024-09-11 22:58:32 INFO  [main] org.example.service.All - Y{author='', status=0, urId=12, url='https://v.api.aa1.cn/api/pyq/index.php?aa1=json', msg=''}
2024-09-11 22:58:32 INFO  [main] org.example.service.All - Y{author='', status=0, urId=14, url='http://api.nnxv.cn/api/yiyan.php', msg=''}
2024-09-11 22:59:51 WARN  [main] o.s.c.a.AnnotationConfigApplicationContext - Exception encountered during context initialization - cancelling refresh attempt: org.springframework.beans.factory.BeanCreationException: Error creating bean with name 'all': Invocation of init method failed; nested exception is java.lang.RuntimeException: java.net.SocketTimeoutException: connect timed out
2024-09-11 23:01:05 WARN  [main] o.s.c.a.AnnotationConfigApplicationContext - Exception encountered during context initialization - cancelling refresh attempt: org.springframework.beans.factory.BeanCreationException: Error creating bean with name 'all': Invocation of init method failed; nested exception is java.lang.RuntimeException: java.net.SocketTimeoutException: connect timed out
2024-09-11 23:01:51 WARN  [main] o.s.c.a.AnnotationConfigApplicationContext - Exception encountered during context initialization - cancelling refresh attempt: org.springframework.beans.factory.BeanCreationException: Error creating bean with name 'all': Invocation of init method failed; nested exception is java.lang.RuntimeException: java.net.SocketTimeoutException: connect timed out
2024-09-11 23:02:17 WARN  [main] o.s.c.a.AnnotationConfigApplicationContext - Exception encountered during context initialization - cancelling refresh attempt: org.springframework.beans.factory.BeanCreationException: Error creating bean with name 'all': Invocation of init method failed; nested exception is java.lang.RuntimeException: java.net.SocketTimeoutException: connect timed out
2024-09-11 23:03:31 INFO  [main] org.example.service.All - Y{author='', status=0, urId=12, url='https://v.api.aa1.cn/api/pyq/index.php?aa1=json', msg=''}
2024-09-11 23:03:32 INFO  [main] org.example.service.All - Y{author='', status=0, urId=14, url='http://api.nnxv.cn/api/yiyan.php', msg=''}
2024-09-11 23:04:11 INFO  [main] org.example.service.All - Y{author='', status=0, urId=12, url='https://v.api.aa1.cn/api/pyq/index.php?aa1=json', msg=''}
2024-09-11 23:04:12 INFO  [main] org.example.service.All - Y{author='', status=0, urId=14, url='http://api.nnxv.cn/api/yiyan.php', msg=''}
2024-09-11 23:05:20 INFO  [main] org.example.service.All - Y{author='', status=0, urId=12, url='https://v.api.aa1.cn/api/pyq/index.php?aa1=json', msg=''}
2024-09-11 23:05:21 INFO  [main] org.example.service.All - Y{author='', status=0, urId=14, url='http://api.nnxv.cn/api/yiyan.php', msg=''}
2024-09-11 23:07:31 INFO  [main] org.example.service.All - Y{author='', status=0, urId=12, url='https://v.api.aa1.cn/api/pyq/index.php?aa1=json', msg=''}
2024-09-11 23:07:31 INFO  [main] org.example.service.All - Y{author='', status=0, urId=14, url='http://api.nnxv.cn/api/yiyan.php', msg=''}
2024-09-11 23:10:12 INFO  [main] org.example.service.All - Y{author='', status=0, urId=12, url='https://v.api.aa1.cn/api/pyq/index.php?aa1=json', msg=''}
2024-09-11 23:10:13 INFO  [main] org.example.service.All - Y{author='', status=0, urId=14, url='http://api.nnxv.cn/api/yiyan.php', msg=''}
2024-09-11 23:15:29 INFO  [main] org.example.service.All - Y{author='', status=0, urId=12, url='https://v.api.aa1.cn/api/pyq/index.php?aa1=json', msg=''}
2024-09-11 23:15:30 INFO  [main] org.example.service.All - Y{author='', status=0, urId=14, url='http://api.nnxv.cn/api/yiyan.php', msg=''}
2024-09-11 23:16:20 INFO  [main] org.example.service.All - Y{author='', status=0, urId=12, url='https://v.api.aa1.cn/api/pyq/index.php?aa1=json', msg=''}
2024-09-11 23:16:20 INFO  [main] org.example.service.All - Y{author='', status=0, urId=14, url='http://api.nnxv.cn/api/yiyan.php', msg=''}
2024-09-11 23:16:21 INFO  [pool-2-thread-1] org.example.service.Switch - Y{author='', status=0, urId=14, url='http://api.nnxv.cn/api/yiyan.php', msg=''}
2024-09-11 23:16:58 INFO  [main] org.example.service.All - Y{author='', status=0, urId=12, url='https://v.api.aa1.cn/api/pyq/index.php?aa1=json', msg=''}
2024-09-11 23:16:59 INFO  [main] org.example.service.All - Y{author='', status=0, urId=14, url='http://api.nnxv.cn/api/yiyan.php', msg=''}
2024-09-11 23:18:44 INFO  [main] org.example.service.All - Y{author='', status=0, urId=12, url='https://v.api.aa1.cn/api/pyq/index.php?aa1=json', msg=''}
2024-09-11 23:18:45 INFO  [main] org.example.service.All - Y{author='', status=0, urId=14, url='http://api.nnxv.cn/api/yiyan.php', msg=''}
2024-09-11 23:18:46 INFO  [pool-2-thread-1] org.example.service.Switch - Y{author='', status=0, urId=12, url='https://v.api.aa1.cn/api/pyq/index.php?aa1=json', msg=''}
2024-09-11 23:22:24 INFO  [main] org.example.service.All - Y{author='', status=0, urId=12, url='https://v.api.aa1.cn/api/pyq/index.php?aa1=json', msg=''}
2024-09-11 23:22:25 INFO  [main] org.example.service.All - Y{author='', status=0, urId=14, url='http://api.nnxv.cn/api/yiyan.php', msg=''}
2024-09-11 23:23:21 INFO  [main] org.example.service.All - Y{author='', status=0, urId=12, url='https://v.api.aa1.cn/api/pyq/index.php?aa1=json', msg=''}
2024-09-11 23:23:22 INFO  [main] org.example.service.All - Y{author='', status=0, urId=14, url='http://api.nnxv.cn/api/yiyan.php', msg=''}
2024-09-11 23:28:33 INFO  [main] org.example.service.All - Y{author='', status=0, urId=12, url='https://v.api.aa1.cn/api/pyq/index.php?aa1=json', msg=''}
2024-09-11 23:28:35 INFO  [main] org.example.service.All - Y{author='', status=0, urId=14, url='http://api.nnxv.cn/api/yiyan.php', msg=''}
2024-09-11 23:31:17 INFO  [main] org.example.service.All - Y{author='', status=0, urId=12, url='https://v.api.aa1.cn/api/pyq/index.php?aa1=json', msg=''}
2024-09-11 23:31:18 INFO  [main] org.example.service.All - Y{author='', status=0, urId=14, url='http://api.nnxv.cn/api/yiyan.php', msg=''}
2024-09-11 23:36:39 INFO  [main] org.example.service.All - Y{author='', status=0, urId=12, url='https://v.api.aa1.cn/api/pyq/index.php?aa1=json', msg=''}
2024-09-11 23:36:40 INFO  [main] org.example.service.All - Y{author='', status=0, urId=14, url='http://api.nnxv.cn/api/yiyan.php', msg=''}
2024-09-11 23:39:41 INFO  [main] org.example.service.All - Y{author='', status=0, urId=12, url='https://v.api.aa1.cn/api/pyq/index.php?aa1=json', msg=''}
2024-09-11 23:39:42 INFO  [main] org.example.service.All - Y{author='', status=0, urId=14, url='http://api.nnxv.cn/api/yiyan.php', msg=''}
2024-09-11 23:41:36 INFO  [main] org.example.service.All - Y{author='', status=0, urId=12, url='https://v.api.aa1.cn/api/pyq/index.php?aa1=json', msg=''}
2024-09-11 23:41:36 INFO  [main] org.example.service.All - Y{author='', status=0, urId=14, url='http://api.nnxv.cn/api/yiyan.php', msg=''}
2024-09-11 23:42:40 INFO  [main] org.example.service.All - Y{author='', status=0, urId=12, url='https://v.api.aa1.cn/api/pyq/index.php?aa1=json', msg=''}
2024-09-11 23:42:41 INFO  [main] org.example.service.All - Y{author='', status=0, urId=14, url='http://api.nnxv.cn/api/yiyan.php', msg=''}
2024-09-11 23:42:42 INFO  [pool-2-thread-1] org.example.service.Switch - Y{author='', status=0, urId=14, url='http://api.nnxv.cn/api/yiyan.php', msg=''}
2024-09-11 23:44:26 INFO  [main] org.example.service.All - Y{author='', status=0, urId=12, url='https://v.api.aa1.cn/api/pyq/index.php?aa1=json', msg=''}
2024-09-11 23:44:27 INFO  [main] org.example.service.All - Y{author='', status=0, urId=14, url='http://api.nnxv.cn/api/yiyan.php', msg=''}
2024-09-11 23:45:07 INFO  [main] org.example.service.All - Y{author='', status=0, urId=12, url='https://v.api.aa1.cn/api/pyq/index.php?aa1=json', msg=''}
2024-09-11 23:45:08 INFO  [main] org.example.service.All - Y{author='', status=0, urId=14, url='http://api.nnxv.cn/api/yiyan.php', msg=''}
2024-09-11 23:45:08 INFO  [pool-2-thread-1] org.example.service.Switch - Y{author='', status=0, urId=14, url='http://api.nnxv.cn/api/yiyan.php', msg=''}
2024-09-11 23:46:31 INFO  [main] org.example.service.All - Y{author='', status=0, urId=12, url='https://v.api.aa1.cn/api/pyq/index.php?aa1=json', msg=''}
2024-09-11 23:46:32 INFO  [main] org.example.service.All - Y{author='', status=0, urId=14, url='http://api.nnxv.cn/api/yiyan.php', msg=''}
2024-09-11 23:48:49 INFO  [main] org.example.service.All - Y{author='', status=0, urId=12, url='https://v.api.aa1.cn/api/pyq/index.php?aa1=json', msg=''}
2024-09-11 23:48:50 INFO  [main] org.example.service.All - Y{author='', status=0, urId=14, url='http://api.nnxv.cn/api/yiyan.php', msg=''}
2024-09-11 23:49:44 INFO  [main] org.example.service.All - Y{author='', status=0, urId=12, url='https://v.api.aa1.cn/api/pyq/index.php?aa1=json', msg=''}
2024-09-11 23:49:45 INFO  [main] org.example.service.All - Y{author='', status=0, urId=14, url='http://api.nnxv.cn/api/yiyan.php', msg=''}
2024-09-11 23:54:34 INFO  [main] org.example.service.All - Y{author='', status=0, urId=12, url='https://v.api.aa1.cn/api/pyq/index.php?aa1=json', msg=''}
2024-09-11 23:54:35 INFO  [main] org.example.service.All - Y{author='', status=0, urId=14, url='http://api.nnxv.cn/api/yiyan.php', msg=''}
